c:\users\elliot\desktop\logic gate simulator 5.7.1\smfl-real\debug\starterscreen.obj
c:\users\elliot\desktop\logic gate simulator 5.7.1\smfl-real\debug\memory.obj
c:\users\elliot\desktop\logic gate simulator 5.7.1\smfl-real\debug\main.obj
c:\users\elliot\desktop\logic gate simulator 5.7.1\smfl-real\debug\link.obj
c:\users\elliot\desktop\logic gate simulator 5.7.1\smfl-real\debug\iogates.obj
c:\users\elliot\desktop\logic gate simulator 5.7.1\smfl-real\debug\image.obj
c:\users\elliot\desktop\logic gate simulator 5.7.1\smfl-real\debug\gatebutton.obj
c:\users\elliot\desktop\logic gate simulator 5.7.1\smfl-real\debug\gate.obj
c:\users\elliot\desktop\logic gate simulator 5.7.1\smfl-real\debug\gameobjectfunctions.obj
c:\users\elliot\desktop\logic gate simulator 5.7.1\smfl-real\debug\button.obj
c:\users\elliot\desktop\logic gate simulator 5.7.1\smfl-real\debug\box.obj
c:\users\elliot\desktop\logic gate simulator 5.7.1\smfl-real\debug\attachers.obj
c:\users\elliot\desktop\logic gate simulator 5.7.1\smfl-real\debug\allgates.obj
c:\users\elliot\desktop\logic gate simulator 5.7.1\smfl-real\debug\allgatebuttons.obj
c:\users\elliot\desktop\logic gate simulator 5.8\smfl-real\debug\starterscreen.obj
c:\users\elliot\desktop\logic gate simulator 5.8\smfl-real\debug\memory.obj
c:\users\elliot\desktop\logic gate simulator 5.8\smfl-real\debug\main.obj
c:\users\elliot\desktop\logic gate simulator 5.8\smfl-real\debug\link.obj
c:\users\elliot\desktop\logic gate simulator 5.8\smfl-real\debug\iogates.obj
c:\users\elliot\desktop\logic gate simulator 5.8\smfl-real\debug\image.obj
c:\users\elliot\desktop\logic gate simulator 5.8\smfl-real\debug\gatebutton.obj
c:\users\elliot\desktop\logic gate simulator 5.8\smfl-real\debug\gate.obj
c:\users\elliot\desktop\logic gate simulator 5.8\smfl-real\debug\gameobjectfunctions.obj
c:\users\elliot\desktop\logic gate simulator 5.8\smfl-real\debug\button.obj
c:\users\elliot\desktop\logic gate simulator 5.8\smfl-real\debug\box.obj
c:\users\elliot\desktop\logic gate simulator 5.8\smfl-real\debug\attachers.obj
c:\users\elliot\desktop\logic gate simulator 5.8\smfl-real\debug\allgates.obj
c:\users\elliot\desktop\logic gate simulator 5.8\smfl-real\debug\allgatebuttons.obj
c:\users\elliot\desktop\logic gate simulator 6.0\smfl-real\debug\starterscreen.obj
c:\users\elliot\desktop\logic gate simulator 6.0\smfl-real\debug\memory.obj
c:\users\elliot\desktop\logic gate simulator 6.0\smfl-real\debug\main.obj
c:\users\elliot\desktop\logic gate simulator 6.0\smfl-real\debug\link.obj
c:\users\elliot\desktop\logic gate simulator 6.0\smfl-real\debug\iogates.obj
c:\users\elliot\desktop\logic gate simulator 6.0\smfl-real\debug\image.obj
c:\users\elliot\desktop\logic gate simulator 6.0\smfl-real\debug\gatebutton.obj
c:\users\elliot\desktop\logic gate simulator 6.0\smfl-real\debug\gate.obj
c:\users\elliot\desktop\logic gate simulator 6.0\smfl-real\debug\gameobjectfunctions.obj
c:\users\elliot\desktop\logic gate simulator 6.0\smfl-real\debug\button.obj
c:\users\elliot\desktop\logic gate simulator 6.0\smfl-real\debug\box.obj
c:\users\elliot\desktop\logic gate simulator 6.0\smfl-real\debug\attachers.obj
c:\users\elliot\desktop\logic gate simulator 6.0\smfl-real\debug\allgates.obj
c:\users\elliot\desktop\logic gate simulator 6.0\smfl-real\debug\allgatebuttons.obj
c:\users\elliot\desktop\logic gate simulator 5.7.1\debug\smfl-real.ilk
c:\users\elliot\desktop\logic gate simulator 5.7.1\debug\smfl-real.exe
c:\users\elliot\desktop\logic gate simulator 5.7.1\debug\smfl-real.pdb
c:\users\elliot\desktop\logic gate simulator 5.8\debug\smfl-real.ilk
c:\users\elliot\desktop\logic gate simulator 5.8\debug\smfl-real.exe
c:\users\elliot\desktop\logic gate simulator 5.8\debug\smfl-real.pdb
c:\users\elliot\desktop\logic gate simulator 6.0\debug\smfl-real.ilk
c:\users\elliot\desktop\logic gate simulator 6.0\debug\smfl-real.exe
c:\users\elliot\desktop\logic gate simulator 6.0\debug\smfl-real.pdb
c:\users\elliot\desktop\logic gate simulator 6.1\smfl-real\debug\allgatebuttons.obj
c:\users\elliot\desktop\logic gate simulator 6.1\smfl-real\debug\allgates.obj
c:\users\elliot\desktop\logic gate simulator 6.1\smfl-real\debug\attachers.obj
c:\users\elliot\desktop\logic gate simulator 6.1\smfl-real\debug\box.obj
c:\users\elliot\desktop\logic gate simulator 6.1\smfl-real\debug\button.obj
c:\users\elliot\desktop\logic gate simulator 6.1\smfl-real\debug\gameobjectfunctions.obj
c:\users\elliot\desktop\logic gate simulator 6.1\smfl-real\debug\gate.obj
c:\users\elliot\desktop\logic gate simulator 6.1\smfl-real\debug\gatebutton.obj
c:\users\elliot\desktop\logic gate simulator 6.1\smfl-real\debug\image.obj
c:\users\elliot\desktop\logic gate simulator 6.1\smfl-real\debug\iogates.obj
c:\users\elliot\desktop\logic gate simulator 6.1\smfl-real\debug\link.obj
c:\users\elliot\desktop\logic gate simulator 6.1\smfl-real\debug\main.obj
c:\users\elliot\desktop\logic gate simulator 6.1\smfl-real\debug\memory.obj
c:\users\elliot\desktop\logic gate simulator 6.1\smfl-real\debug\starterscreen.obj
c:\users\elliot\desktop\logic gate simulator 6.1\smfl-real\debug\nativecodeanalysis.read.1.tlog
c:\users\elliot\desktop\logic gate simulator 6.1\smfl-real\debug\allgatebuttons.nativecodeanalysis.xml
c:\users\elliot\desktop\logic gate simulator 6.1\smfl-real\debug\allgates.nativecodeanalysis.xml
c:\users\elliot\desktop\logic gate simulator 6.1\smfl-real\debug\attachers.nativecodeanalysis.xml
c:\users\elliot\desktop\logic gate simulator 6.1\smfl-real\debug\box.nativecodeanalysis.xml
c:\users\elliot\desktop\logic gate simulator 6.1\smfl-real\debug\button.nativecodeanalysis.xml
c:\users\elliot\desktop\logic gate simulator 6.1\smfl-real\debug\gameobjectfunctions.nativecodeanalysis.xml
c:\users\elliot\desktop\logic gate simulator 6.1\smfl-real\debug\gate.nativecodeanalysis.xml
c:\users\elliot\desktop\logic gate simulator 6.1\smfl-real\debug\gatebutton.nativecodeanalysis.xml
c:\users\elliot\desktop\logic gate simulator 6.1\smfl-real\debug\image.nativecodeanalysis.xml
c:\users\elliot\desktop\logic gate simulator 6.1\smfl-real\debug\iogates.nativecodeanalysis.xml
c:\users\elliot\desktop\logic gate simulator 6.1\smfl-real\debug\link.nativecodeanalysis.xml
c:\users\elliot\desktop\logic gate simulator 6.1\smfl-real\debug\main.nativecodeanalysis.xml
c:\users\elliot\desktop\logic gate simulator 6.1\smfl-real\debug\memory.nativecodeanalysis.xml
c:\users\elliot\desktop\logic gate simulator 6.1\smfl-real\debug\starterscreen.nativecodeanalysis.xml
c:\users\elliot\desktop\logic gate simulator 6.1\smfl-real\debug\vc.nativecodeanalysis.all.xml
c:\users\elliot\desktop\logic gate simulator 6.1\debug\smfl-real.pdb
c:\users\elliot\desktop\logic gate simulator 6.1\debug\smfl-real.exe
c:\users\elliot\desktop\logic gate simulator 6.1\debug\smfl-real.ilk
c:\users\elliot\desktop\logic gate simulator 6.1\debug\smfl-real.exe.lastcodeanalysissucceeded
c:\users\elliot\desktop\logic gate simulator 6.1\smfl-real\debug\smfl-real.tlog\cl.command.1.tlog
c:\users\elliot\desktop\logic gate simulator 6.1\smfl-real\debug\smfl-real.tlog\cl.read.1.tlog
c:\users\elliot\desktop\logic gate simulator 6.1\smfl-real\debug\smfl-real.tlog\cl.write.1.tlog
c:\users\elliot\desktop\logic gate simulator 6.1\smfl-real\debug\smfl-real.tlog\link.command.1.tlog
c:\users\elliot\desktop\logic gate simulator 6.1\smfl-real\debug\smfl-real.tlog\link.read.1.tlog
c:\users\elliot\desktop\logic gate simulator 6.1\smfl-real\debug\smfl-real.tlog\link.write.1.tlog
